2025-09-20 12:51:33 | INFO     | sensor_hub.logging_config | Logging configured - Level: INFO, File: /home/david/github/sensor_hub/logs/sensor_hub.log
2025-09-20 12:51:33 | INFO     | sensor_hub.sensor_registry | Registered sensor type: bme280
2025-09-20 12:51:33 | INFO     | sensor_hub.sensor_registry | Registered discovery handler for: bme280
2025-09-20 12:51:33 | INFO     | sensor_hub.sensor_registry | Registered sensor type: ltr329
2025-09-20 12:51:33 | INFO     | sensor_hub.sensor_registry | Registered discovery handler for: ltr329
Starting sensor scheduler...
Found 2 enabled sensors
2025-09-20 12:51:33 | INFO     | sensor_hub.sensors.ltr329 | [sensor:ltr329_70_0_29, type:ltr329] | Sensor initialized successfully
2025-09-20 12:51:33 | INFO     | sensor_hub.sensors.ltr329 | [sensor:ltr329_70_0_29, type:ltr329] | Initialized via multiplexer at 0x70 channel 0
✓ ltr329_70_0_29 (ltr329) ready
2025-09-20 12:51:33 | INFO     | sensor_hub.sensors.bme280 | [sensor:bme280_70_0_77, type:bme280] | Sensor initialized successfully
2025-09-20 12:51:33 | INFO     | sensor_hub.sensors.bme280 | [sensor:bme280_70_0_77, type:bme280] | Initialized via multiplexer at 0x70 channel 0
✓ bme280_70_0_77 (bme280) ready
Starting data collection for 2 sensors...
Press Ctrl+C to stop
📊 ltr329_70_0_29: CH0=0, IR=0
📊 bme280_70_0_77: T=22.82°C, H=55.43%, P=987.97hPa
📊 ltr329_70_0_29: CH0=12, IR=11
📊 bme280_70_0_77: T=22.79°C, H=55.43%, P=987.92hPa
📊 ltr329_70_0_29: CH0=12, IR=11
📊 bme280_70_0_77: T=22.78°C, H=55.46%, P=987.92hPa
📊 ltr329_70_0_29: CH0=12, IR=11
📊 bme280_70_0_77: T=22.79°C, H=55.31%, P=987.92hPa
📊 ltr329_70_0_29: CH0=11, IR=11
📊 bme280_70_0_77: T=22.79°C, H=55.23%, P=987.9hPa
📊 ltr329_70_0_29: CH0=12, IR=11
📊 bme280_70_0_77: T=22.8°C, H=55.29%, P=987.91hPa
📊 ltr329_70_0_29: CH0=12, IR=12
📊 bme280_70_0_77: T=22.81°C, H=55.26%, P=987.93hPa
📊 ltr329_70_0_29: CH0=12, IR=11
📊 bme280_70_0_77: T=22.81°C, H=55.57%, P=987.92hPa
📊 ltr329_70_0_29: CH0=11, IR=12
📊 bme280_70_0_77: T=22.82°C, H=55.5%, P=987.92hPa
📊 ltr329_70_0_29: CH0=13, IR=13
📊 bme280_70_0_77: T=22.82°C, H=55.68%, P=987.97hPa
📊 ltr329_70_0_29: CH0=13, IR=13
📊 bme280_70_0_77: T=22.82°C, H=55.61%, P=987.93hPa
📊 ltr329_70_0_29: CH0=14, IR=14
📊 bme280_70_0_77: T=22.82°C, H=55.51%, P=987.89hPa
📊 ltr329_70_0_29: CH0=14, IR=15
📊 bme280_70_0_77: T=22.81°C, H=55.59%, P=987.91hPa
📊 ltr329_70_0_29: CH0=15, IR=15
📊 bme280_70_0_77: T=22.82°C, H=55.38%, P=987.91hPa
📊 ltr329_70_0_29: CH0=16, IR=15
📊 bme280_70_0_77: T=22.82°C, H=55.25%, P=987.94hPa
📊 ltr329_70_0_29: CH0=19, IR=18
📊 bme280_70_0_77: T=22.82°C, H=55.57%, P=987.92hPa
