2025-09-20 12:41:50 | INFO     | sensor_hub.logging_config | Logging configured - Level: INFO, File: /home/david/github/sensor_hub/logs/sensor_hub.log
2025-09-20 12:41:50 | INFO     | sensor_hub.sensor_registry | Registered sensor type: bme280
2025-09-20 12:41:50 | INFO     | sensor_hub.sensor_registry | Registered discovery handler for: bme280
2025-09-20 12:41:50 | INFO     | sensor_hub.sensor_registry | Registered sensor type: ltr329
2025-09-20 12:41:50 | INFO     | sensor_hub.sensor_registry | Registered discovery handler for: ltr329
2025-09-20 12:41:50 | INFO     | sensor_hub.sensors.ltr329 | [sensor:ltr329_70_0_29, type:ltr329] | Sensor initialized successfully
2025-09-20 12:41:50 | INFO     | sensor_hub.sensors.ltr329 | [sensor:ltr329_70_0_29, type:ltr329] | Initialized via multiplexer at 0x70 channel 0
2025-09-20 12:41:50 | INFO     | sensor_hub.sensors.bme280 | [sensor:bme280_70_0_77, type:bme280] | Sensor initialized successfully
2025-09-20 12:41:50 | INFO     | sensor_hub.sensors.bme280 | [sensor:bme280_70_0_77, type:bme280] | Initialized via multiplexer at 0x70 channel 0
2025-09-20 12:51:33 | INFO     | sensor_hub.logging_config | Logging configured - Level: INFO, File: /home/david/github/sensor_hub/logs/sensor_hub.log
2025-09-20 12:51:33 | INFO     | sensor_hub.sensor_registry | Registered sensor type: bme280
2025-09-20 12:51:33 | INFO     | sensor_hub.sensor_registry | Registered discovery handler for: bme280
2025-09-20 12:51:33 | INFO     | sensor_hub.sensor_registry | Registered sensor type: ltr329
2025-09-20 12:51:33 | INFO     | sensor_hub.sensor_registry | Registered discovery handler for: ltr329
2025-09-20 12:51:33 | INFO     | sensor_hub.sensors.ltr329 | [sensor:ltr329_70_0_29, type:ltr329] | Sensor initialized successfully
2025-09-20 12:51:33 | INFO     | sensor_hub.sensors.ltr329 | [sensor:ltr329_70_0_29, type:ltr329] | Initialized via multiplexer at 0x70 channel 0
2025-09-20 12:51:33 | INFO     | sensor_hub.sensors.bme280 | [sensor:bme280_70_0_77, type:bme280] | Sensor initialized successfully
2025-09-20 12:51:33 | INFO     | sensor_hub.sensors.bme280 | [sensor:bme280_70_0_77, type:bme280] | Initialized via multiplexer at 0x70 channel 0
2025-09-20 12:51:36 | INFO     | sensor_hub.logging_config | Logging configured - Level: INFO, File: /home/david/github/sensor_hub/logs/sensor_hub.log
2025-09-20 12:51:36 | INFO     | sensor_hub.sensor_registry | Registered sensor type: bme280
2025-09-20 12:51:36 | INFO     | sensor_hub.sensor_registry | Registered discovery handler for: bme280
2025-09-20 12:51:36 | INFO     | sensor_hub.sensor_registry | Registered sensor type: ltr329
2025-09-20 12:51:36 | INFO     | sensor_hub.sensor_registry | Registered discovery handler for: ltr329
2025-09-20 13:19:15 | INFO     | sensor_hub.logging_config | Logging configured - Level: DEBUG, File: /home/david/github/sensor_hub/logs/sensor_hub.log
2025-09-20 13:20:49 | INFO     | sensor_hub.logging_config | Logging configured - Level: DEBUG, File: /home/david/github/sensor_hub/logs/sensor_hub.log
2025-09-20 13:20:49 | INFO     | sensor_hub.sensor_registry | Registered sensor type: bme280
2025-09-20 13:20:49 | INFO     | sensor_hub.sensor_registry | Registered discovery handler for: bme280
2025-09-20 13:20:49 | INFO     | sensor_hub.sensor_registry | Registered sensor type: ltr329
2025-09-20 13:20:49 | INFO     | sensor_hub.sensor_registry | Registered discovery handler for: ltr329
2025-09-20 13:21:41 | INFO     | sensor_hub.logging_config | Logging configured - Level: DEBUG, File: /home/david/github/sensor_hub/logs/sensor_hub.log
2025-09-20 13:21:41 | INFO     | sensor_hub.sensor_registry | Registered sensor type: bme280
2025-09-20 13:21:41 | INFO     | sensor_hub.sensor_registry | Registered discovery handler for: bme280
2025-09-20 13:21:41 | INFO     | sensor_hub.sensor_registry | Registered sensor type: ltr329
2025-09-20 13:21:41 | INFO     | sensor_hub.sensor_registry | Registered discovery handler for: ltr329
2025-09-20 13:23:04 | INFO     | sensor_hub.logging_config | Logging configured - Level: DEBUG, File: /home/david/github/sensor_hub/logs/sensor_hub.log
2025-09-20 13:23:04 | INFO     | sensor_hub.sensor_registry | Registered sensor type: bme280
2025-09-20 13:23:04 | INFO     | sensor_hub.sensor_registry | Registered discovery handler for: bme280
2025-09-20 13:23:04 | INFO     | sensor_hub.sensor_registry | Registered sensor type: ltr329
2025-09-20 13:23:04 | INFO     | sensor_hub.sensor_registry | Registered discovery handler for: ltr329
2025-09-20 13:23:15 | INFO     | sensor_hub.logging_config | Logging configured - Level: DEBUG, File: /home/david/github/sensor_hub/logs/sensor_hub.log
2025-09-20 13:23:15 | INFO     | sensor_hub.sensor_registry | Registered sensor type: bme280
2025-09-20 13:23:15 | INFO     | sensor_hub.sensor_registry | Registered discovery handler for: bme280
2025-09-20 13:23:15 | INFO     | sensor_hub.sensor_registry | Registered sensor type: ltr329
2025-09-20 13:23:15 | INFO     | sensor_hub.sensor_registry | Registered discovery handler for: ltr329
2025-09-20 13:23:48 | INFO     | sensor_hub.logging_config | Logging configured - Level: DEBUG, File: /home/david/github/sensor_hub/logs/sensor_hub.log
2025-09-20 13:23:48 | INFO     | sensor_hub.sensor_registry | Registered sensor type: bme280
2025-09-20 13:23:48 | INFO     | sensor_hub.sensor_registry | Registered discovery handler for: bme280
2025-09-20 13:23:48 | INFO     | sensor_hub.sensor_registry | Registered sensor type: ltr329
2025-09-20 13:23:48 | INFO     | sensor_hub.sensor_registry | Registered discovery handler for: ltr329
2025-09-20 13:25:43 | INFO     | sensor_hub.logging_config | Logging configured - Level: DEBUG, File: /home/david/github/sensor_hub/logs/sensor_hub.log
2025-09-20 13:25:43 | INFO     | sensor_hub.sensor_registry | Registered sensor type: bme280
2025-09-20 13:25:43 | INFO     | sensor_hub.sensor_registry | Registered discovery handler for: bme280
2025-09-20 13:25:43 | INFO     | sensor_hub.sensor_registry | Registered sensor type: ltr329
2025-09-20 13:25:43 | INFO     | sensor_hub.sensor_registry | Registered discovery handler for: ltr329
2025-09-20 13:25:52 | INFO     | sensor_hub.logging_config | Logging configured - Level: DEBUG, File: /home/david/github/sensor_hub/logs/sensor_hub.log
2025-09-20 13:25:52 | INFO     | sensor_hub.sensor_registry | Registered sensor type: bme280
2025-09-20 13:25:52 | INFO     | sensor_hub.sensor_registry | Registered discovery handler for: bme280
2025-09-20 13:25:52 | INFO     | sensor_hub.sensor_registry | Registered sensor type: ltr329
2025-09-20 13:25:52 | INFO     | sensor_hub.sensor_registry | Registered discovery handler for: ltr329
2025-09-20 13:29:30 | INFO     | sensor_hub.logging_config | Logging configured - Level: DEBUG, File: /home/david/github/sensor_hub/logs/sensor_hub.log
2025-09-20 13:29:30 | INFO     | sensor_hub.sensor_registry | Registered sensor type: bme280
2025-09-20 13:29:30 | INFO     | sensor_hub.sensor_registry | Registered discovery handler for: bme280
2025-09-20 13:29:30 | INFO     | sensor_hub.sensor_registry | Registered sensor type: ltr329
2025-09-20 13:29:30 | INFO     | sensor_hub.sensor_registry | Registered discovery handler for: ltr329
2025-09-20 13:29:31 | ERROR    | sensor_hub.api            | Error creating reading: 400 Bad Request: The browser (or proxy) sent a request that this server could not understand.
2025-09-20 13:29:31 | ERROR    | sensor_hub.api            | Error creating reading: 400 Bad Request: The browser (or proxy) sent a request that this server could not understand.
2025-09-20 13:29:31 | ERROR    | sensor_hub.api            | Error creating reading: 415 Unsupported Media Type: Did not attempt to load JSON data because the request Content-Type was not 'application/json'.
2025-09-20 13:29:32 | INFO     | sensor_hub.sensors.ltr329 | [sensor:ltr329_29, type:ltr329] | Sensor initialized successfully
2025-09-20 13:29:32 | INFO     | sensor_hub.sensors.ltr329 | [sensor:ltr329_70_0_29, type:ltr329] | Sensor initialized successfully
2025-09-20 13:29:32 | INFO     | sensor_hub.sensors.ltr329 | [sensor:ltr329_29, type:ltr329] | Sensor initialized successfully
2025-09-20 13:29:32 | INFO     | sensor_hub.sensors.ltr329 | [sensor:ltr329_70_0_29, type:ltr329] | Sensor initialized successfully
2025-09-20 13:29:32 | INFO     | sensor_hub.sensors.ltr329 | [sensor:ltr329_29, type:ltr329] | Sensor initialized successfully
2025-09-20 13:29:32 | ERROR    | sensor_hub.sensors.ltr329 | [sensor:ltr329_29, type:ltr329] | Sensor initialization failed - I2C communication error
2025-09-20 13:29:32 | ERROR    | sensor_hub.sensors.bme280 | [sensor:test, type:bme280] | Sensor initialization failed - No I2C device at address: 0x76
2025-09-20 13:29:32 | INFO     | sensor_hub.sensors.bme280 | [sensor:test, type:bme280] | Sensor initialized successfully
2025-09-20 13:29:32 | INFO     | sensor_hub.sensors.ltr329 | [sensor:test, type:ltr329] | Sensor initialized successfully
2025-09-20 13:29:32 | INFO     | sensor_hub.sensors.bme280 | [sensor:test, type:bme280] | Sensor initialized successfully
2025-09-20 13:29:32 | INFO     | sensor_hub.sensors.bme280 | [sensor:test, type:bme280] | Sensor initialized successfully
2025-09-20 13:33:15 | INFO     | sensor_hub.logging_config | Logging configured - Level: DEBUG, File: /home/david/github/sensor_hub/logs/sensor_hub.log
2025-09-20 13:33:15 | INFO     | sensor_hub.sensor_registry | Registered sensor type: bme280
2025-09-20 13:33:15 | INFO     | sensor_hub.sensor_registry | Registered discovery handler for: bme280
2025-09-20 13:33:15 | INFO     | sensor_hub.sensor_registry | Registered sensor type: ltr329
2025-09-20 13:33:15 | INFO     | sensor_hub.sensor_registry | Registered discovery handler for: ltr329
2025-09-20 13:33:15 | ERROR    | sensor_hub.api            | Error creating reading: 400 Bad Request: The browser (or proxy) sent a request that this server could not understand.
2025-09-20 13:33:15 | ERROR    | sensor_hub.api            | Error creating reading: 400 Bad Request: The browser (or proxy) sent a request that this server could not understand.
2025-09-20 13:33:15 | ERROR    | sensor_hub.api            | Error creating reading: 415 Unsupported Media Type: Did not attempt to load JSON data because the request Content-Type was not 'application/json'.
2025-09-20 13:33:16 | INFO     | sensor_hub.sensors.ltr329 | [sensor:ltr329_29, type:ltr329] | Sensor initialized successfully
2025-09-20 13:33:16 | INFO     | sensor_hub.sensors.ltr329 | [sensor:ltr329_70_0_29, type:ltr329] | Sensor initialized successfully
2025-09-20 13:33:16 | INFO     | sensor_hub.sensors.ltr329 | [sensor:ltr329_29, type:ltr329] | Sensor initialized successfully
2025-09-20 13:33:16 | INFO     | sensor_hub.sensors.ltr329 | [sensor:ltr329_70_0_29, type:ltr329] | Sensor initialized successfully
2025-09-20 13:33:16 | INFO     | sensor_hub.sensors.ltr329 | [sensor:ltr329_29, type:ltr329] | Sensor initialized successfully
2025-09-20 13:33:16 | ERROR    | sensor_hub.sensors.ltr329 | [sensor:ltr329_29, type:ltr329] | Sensor initialization failed - I2C communication error
2025-09-20 13:33:16 | ERROR    | sensor_hub.sensors.bme280 | [sensor:test, type:bme280] | Sensor initialization failed - No I2C device at address: 0x76
2025-09-20 13:33:16 | INFO     | sensor_hub.sensors.bme280 | [sensor:test, type:bme280] | Sensor initialized successfully
2025-09-20 13:33:16 | INFO     | sensor_hub.sensors.ltr329 | [sensor:test, type:ltr329] | Sensor initialized successfully
2025-09-20 13:33:17 | INFO     | sensor_hub.sensors.bme280 | [sensor:test, type:bme280] | Sensor initialized successfully
2025-09-20 13:33:17 | INFO     | sensor_hub.sensors.bme280 | [sensor:test, type:bme280] | Sensor initialized successfully
